Using pre-set license
Built from '2020.2/staging' branch; Version is '2020.2.6f1 (8a2143876886) revision 9052483'; Using compiler version '192528614'; Build Type 'Release'
OS: 'Windows 10 Home; OS build 19043.1165; Version 2009; 64bit' Language: 'en' Physical Memory: 16271 MB
BatchMode: 1, IsHumanControllingUs: 0, StartBugReporterOnCrash: 0, Is64bit: 1, IsPro: 0

 COMMAND LINE ARGUMENTS:
C:\Program Files\Unity\Hub\Editor\2020.2.6f1\Editor\Unity.exe
-adb2
-batchMode
-noUpm
-name
AssetImportWorker0
-projectPath
C:/Users/rcarp/Documents/GitHub/Spirit-of-Calamity/Spirit of Calamity
-logFile
Logs/AssetImportWorker0.log
-srvPort
52204
Successfully changed project path to: C:/Users/rcarp/Documents/GitHub/Spirit-of-Calamity/Spirit of Calamity
C:/Users/rcarp/Documents/GitHub/Spirit-of-Calamity/Spirit of Calamity
Using Asset Import Pipeline V2.
Refreshing native plugins compatible for Editor in 52.44 ms, found 1 plugins.
Preloading 0 native plugins for Editor in 0.00 ms.
Initialize engine version: 2020.2.6f1 (8a2143876886)
[Subsystems] Discovering subsystems at path C:/Program Files/Unity/Hub/Editor/2020.2.6f1/Editor/Data/Resources/UnitySubsystems
[Subsystems] Discovering subsystems at path C:/Users/rcarp/Documents/GitHub/Spirit-of-Calamity/Spirit of Calamity/Assets
GfxDevice: creating device client; threaded=0
Direct3D:
    Version:  Direct3D 11.0 [level 11.1]
    Renderer: NVIDIA GeForce GTX 1080 (ID=0x1b80)
    Vendor:   
    VRAM:     8079 MB
    Driver:   27.21.14.6663
Initialize mono
Mono path[0] = 'C:/Program Files/Unity/Hub/Editor/2020.2.6f1/Editor/Data/Managed'
Mono path[1] = 'C:/Program Files/Unity/Hub/Editor/2020.2.6f1/Editor/Data/MonoBleedingEdge/lib/mono/unityjit'
Mono config path = 'C:/Program Files/Unity/Hub/Editor/2020.2.6f1/Editor/Data/MonoBleedingEdge/etc'
Using monoOptions --debugger-agent=transport=dt_socket,embedding=1,server=y,suspend=n,address=127.0.0.1:56872
Begin MonoManager ReloadAssembly
Registering precompiled unity dll's ...
Register platform support module: C:/Program Files/Unity/Hub/Editor/2020.2.6f1/Editor/Data/PlaybackEngines/MacStandaloneSupport/UnityEditor.OSXStandalone.Extensions.dll
Register platform support module: C:/Program Files/Unity/Hub/Editor/2020.2.6f1/Editor/Data/PlaybackEngines/WindowsStandaloneSupport/UnityEditor.WindowsStandalone.Extensions.dll
Registered in 0.001949 seconds.
Native extension for WindowsStandalone target not found
Native extension for OSXStandalone target not found
Refreshing native plugins compatible for Editor in 48.26 ms, found 1 plugins.
Preloading 0 native plugins for Editor in 0.00 ms.
Invoked RoslynAnalysisRunner static constructor.
RoslynAnalysisRunner will not be running.
RoslynAnalysisRunner has terminated.
Mono: successfully reloaded assembly
- Completed reload, in  0.954 seconds
Platform modules already initialized, skipping
Registering precompiled user dll's ...
Registered in 0.001041 seconds.
Begin MonoManager ReloadAssembly
Native extension for WindowsStandalone target not found
Native extension for OSXStandalone target not found
Refreshing native plugins compatible for Editor in 49.00 ms, found 1 plugins.
Preloading 0 native plugins for Editor in 0.00 ms.
Invoked RoslynAnalysisRunner static constructor.
RoslynAnalysisRunner will not be running.
RoslynAnalysisRunner has terminated.
Mono: successfully reloaded assembly
- Completed reload, in  0.810 seconds
Platform modules already initialized, skipping
========================================================================
Worker process is ready to serve import requests
Launched and connected shader compiler UnityShaderCompiler.exe after 0.05 seconds
Refreshing native plugins compatible for Editor in 0.56 ms, found 1 plugins.
Preloading 0 native plugins for Editor in 0.00 ms.
Unloading 1951 Unused Serialized files (Serialized files now loaded: 0)
System memory in use before: 91.8 MB.
System memory in use after: 91.7 MB.

Unloading 25 unused Assets to reduce memory usage. Loaded Objects now: 2392.
Total: 1.975400 ms (FindLiveObjects: 0.320500 ms CreateObjectMapping: 0.140700 ms MarkObjects: 1.408600 ms  DeleteObjects: 0.104400 ms)

========================================================================
Received Import Request.
  path: Assets/Art/Sprites/Remastered Vault Skeleton
  artifactKey: Guid(8015f8764a6b57149bf79a80ec13fd0e) Importer(815301076,1909f56bfc062723c751e8b465ee728b)
Start importing Assets/Art/Sprites/Remastered Vault Skeleton using Guid(8015f8764a6b57149bf79a80ec13fd0e) Importer(815301076,1909f56bfc062723c751e8b465ee728b)  -> (artifact id: 'ba23a6e1f32dfd5e774026e5635ef665') in 0.013349 seconds
  Import took 0.017371 seconds .

========================================================================
Received Import Request.
  Time since last request: 1.528148 seconds.
  path: Assets/Art/Sprites/Remastered Vault Skeleton/Vault_Skeleton_Idle_Sheet.png
  artifactKey: Guid(d824a0f1af9de4d4584aa6e34dfb685b) Importer(815301076,1909f56bfc062723c751e8b465ee728b)
Start importing Assets/Art/Sprites/Remastered Vault Skeleton/Vault_Skeleton_Idle_Sheet.png using Guid(d824a0f1af9de4d4584aa6e34dfb685b) Importer(815301076,1909f56bfc062723c751e8b465ee728b)  -> (artifact id: 'a07769758a7a791288da6cbc468b02a6') in 0.119275 seconds
  Import took 0.122293 seconds .

========================================================================
Received Import Request.
  Time since last request: 19.080639 seconds.
  path: Assets/Art/Sprites/Remastered Vault Skeleton/Vault_Skeleton_Idle_Sheet.png
  artifactKey: Guid(d824a0f1af9de4d4584aa6e34dfb685b) Importer(815301076,1909f56bfc062723c751e8b465ee728b)
Start importing Assets/Art/Sprites/Remastered Vault Skeleton/Vault_Skeleton_Idle_Sheet.png using Guid(d824a0f1af9de4d4584aa6e34dfb685b) Importer(815301076,1909f56bfc062723c751e8b465ee728b)  -> (artifact id: '8b36740fe688b0b638f9c009fa14d4ff') in 0.009450 seconds
  Import took 0.012230 seconds .

========================================================================
Received Import Request.
  Time since last request: 28.875303 seconds.
  path: Assets/Art/Sprites/Remastered Vault Skeleton/Vault_Skeleton_Idle_Sheet.png
  artifactKey: Guid(d824a0f1af9de4d4584aa6e34dfb685b) Importer(815301076,1909f56bfc062723c751e8b465ee728b)
Start importing Assets/Art/Sprites/Remastered Vault Skeleton/Vault_Skeleton_Idle_Sheet.png using Guid(d824a0f1af9de4d4584aa6e34dfb685b) Importer(815301076,1909f56bfc062723c751e8b465ee728b)  -> (artifact id: 'aaad2c78400de8f1a4a7b07f047c77c9') in 0.029547 seconds
  Import took 0.032465 seconds .

========================================================================
Received Prepare
Registering precompiled user dll's ...
Registered in 0.001043 seconds.
Begin MonoManager ReloadAssembly
Native extension for WindowsStandalone target not found
Native extension for OSXStandalone target not found
Refreshing native plugins compatible for Editor in 0.59 ms, found 1 plugins.
Preloading 0 native plugins for Editor in 0.00 ms.
Invoked RoslynAnalysisRunner static constructor.
RoslynAnalysisRunner will not be running.
RoslynAnalysisRunner has terminated.
Mono: successfully reloaded assembly
- Completed reload, in  0.742 seconds
Platform modules already initialized, skipping
Refreshing native plugins compatible for Editor in 2.11 ms, found 1 plugins.
Preloading 0 native plugins for Editor in 0.00 ms.
Unloading 1944 Unused Serialized files (Serialized files now loaded: 0)
System memory in use before: 94.7 MB.
System memory in use after: 94.7 MB.

Unloading 13 unused Assets to reduce memory usage. Loaded Objects now: 2403.
Total: 4.333500 ms (FindLiveObjects: 0.490700 ms CreateObjectMapping: 0.099100 ms MarkObjects: 3.552500 ms  DeleteObjects: 0.188300 ms)

